Using pre-set license
Built from '2020.3/china_unity/release' branch; Version is '2020.3.26f1c1 (cf0e0a163043) revision 13569546'; Using compiler version '192528614'; Build Type 'Release'
OS: 'Windows 10  (10.0.19043) 64bit Professional' Language: 'en' Physical Memory: 16295 MB
BatchMode: 1, IsHumanControllingUs: 0, StartBugReporterOnCrash: 0, Is64bit: 1, IsPro: 0

COMMAND LINE ARGUMENTS:
C:\Program Files\Unity\Hub\Editor\2020.3.26f1c1\Editor\Unity.exe
-adb2
-batchMode
-noUpm
-name
AssetImportWorker0
-projectPath
C:/Users/win 10/Documents/GitHub/GameJam_Project
-logFile
Logs/AssetImportWorker0.log
-srvPort
56252
Successfully changed project path to: C:/Users/win 10/Documents/GitHub/GameJam_Project
C:/Users/win 10/Documents/GitHub/GameJam_Project
Using Asset Import Pipeline V2.
AS: AutoStreaming module initializing.Refreshing native plugins compatible for Editor in 46.78 ms, found 3 plugins.
Preloading 0 native plugins for Editor in 0.00 ms.
Initialize engine version: 2020.3.26f1c1 (cf0e0a163043)
[Subsystems] Discovering subsystems at path C:/Program Files/Unity/Hub/Editor/2020.3.26f1c1/Editor/Data/Resources/UnitySubsystems
[Subsystems] Discovering subsystems at path C:/Users/win 10/Documents/GitHub/GameJam_Project/Assets
GfxDevice: creating device client; threaded=0
Direct3D:
    Version:  Direct3D 11.0 [level 11.1]
    Renderer: NVIDIA GeForce GTX 1080 (ID=0x1be0)
    Vendor:   
    VRAM:     8079 MB
    Driver:   30.0.14.9729
Initialize mono
Mono path[0] = 'C:/Program Files/Unity/Hub/Editor/2020.3.26f1c1/Editor/Data/Managed'
Mono path[1] = 'C:/Program Files/Unity/Hub/Editor/2020.3.26f1c1/Editor/Data/MonoBleedingEdge/lib/mono/unityjit'
Mono config path = 'C:/Program Files/Unity/Hub/Editor/2020.3.26f1c1/Editor/Data/MonoBleedingEdge/etc'
Using monoOptions --debugger-agent=transport=dt_socket,embedding=1,server=y,suspend=n,address=127.0.0.1:56168
Begin MonoManager ReloadAssembly
Registering precompiled unity dll's ...
Register platform support module: C:/Program Files/Unity/Hub/Editor/2020.3.26f1c1/Editor/Data/PlaybackEngines/WindowsStandaloneSupport/UnityEditor.WindowsStandalone.Extensions.dll
Registered in 0.001826 seconds.
Native extension for WindowsStandalone target not found
Refreshing native plugins compatible for Editor in 45.48 ms, found 3 plugins.
Preloading 0 native plugins for Editor in 0.00 ms.
Mono: successfully reloaded assembly
- Completed reload, in  0.528 seconds
Domain Reload Profiling:
	ReloadAssembly (529ms)
		BeginReloadAssembly (49ms)
			ExecutionOrderSort (0ms)
			DisableScriptedObjects (0ms)
			BackupInstance (0ms)
			ReleaseScriptingObjects (0ms)
			CreateAndSetChildDomain (1ms)
		EndReloadAssembly (414ms)
			LoadAssemblies (46ms)
			RebuildTransferFunctionScriptingTraits (0ms)
			SetupTypeCache (135ms)
			ReleaseScriptCaches (0ms)
			RebuildScriptCaches (27ms)
			SetupLoadedEditorAssemblies (157ms)
				LogAssemblyErrors (0ms)
				InitializePlatformSupportModulesInManaged (4ms)
				SetLoadedEditorAssemblies (0ms)
				RefreshPlugins (46ms)
				BeforeProcessingInitializeOnLoad (14ms)
				ProcessInitializeOnLoadAttributes (68ms)
				ProcessInitializeOnLoadMethodAttributes (25ms)
				AfterProcessingInitializeOnLoad (0ms)
				EditorAssembliesLoaded (0ms)
			ExecutionOrderSort2 (0ms)
			AwakeInstancesAfterBackupRestoration (0ms)
Platform modules already initialized, skipping
Registering precompiled user dll's ...
Registered in 0.004442 seconds.
Begin MonoManager ReloadAssembly
Native extension for WindowsStandalone target not found
Refreshing native plugins compatible for Editor in 49.29 ms, found 3 plugins.
Preloading 0 native plugins for Editor in 0.00 ms.
Mono: successfully reloaded assembly
- Completed reload, in  1.034 seconds
Domain Reload Profiling:
	ReloadAssembly (1035ms)
		BeginReloadAssembly (132ms)
			ExecutionOrderSort (0ms)
			DisableScriptedObjects (4ms)
			BackupInstance (0ms)
			ReleaseScriptingObjects (0ms)
			CreateAndSetChildDomain (17ms)
		EndReloadAssembly (847ms)
			LoadAssemblies (85ms)
			RebuildTransferFunctionScriptingTraits (0ms)
			SetupTypeCache (283ms)
			ReleaseScriptCaches (0ms)
			RebuildScriptCaches (44ms)
			SetupLoadedEditorAssemblies (326ms)
				LogAssemblyErrors (0ms)
				InitializePlatformSupportModulesInManaged (4ms)
				SetLoadedEditorAssemblies (0ms)
				RefreshPlugins (49ms)
				BeforeProcessingInitializeOnLoad (80ms)
				ProcessInitializeOnLoadAttributes (169ms)
				ProcessInitializeOnLoadMethodAttributes (16ms)
				AfterProcessingInitializeOnLoad (7ms)
				EditorAssembliesLoaded (0ms)
			ExecutionOrderSort2 (0ms)
			AwakeInstancesAfterBackupRestoration (6ms)
Platform modules already initialized, skipping
========================================================================
Worker process is ready to serve import requests
Launched and connected shader compiler UnityShaderCompiler.exe after 0.05 seconds
Refreshing native plugins compatible for Editor in 0.44 ms, found 3 plugins.
Preloading 0 native plugins for Editor in 0.00 ms.
Unloading 2231 Unused Serialized files (Serialized files now loaded: 0)
System memory in use before: 101.2 MB.
System memory in use after: 101.3 MB.

Unloading 28 unused Assets to reduce memory usage. Loaded Objects now: 2667.
Total: 2.729500 ms (FindLiveObjects: 0.232400 ms CreateObjectMapping: 0.120800 ms MarkObjects: 2.311300 ms  DeleteObjects: 0.063900 ms)

AssetImportParameters requested are different than current active one (requested -> active):
  custom:framework-win-MediaFoundation: 216162199b28c13a410421893ffa2e32 -> 
  custom:video-decoder-ogg-theora: a1e56fd34408186e4bbccfd4996cb3dc -> 
  custom:container-muxer-webm: aa71ff27fc2769a1b78a27578f13a17b -> 
  custom:container-demuxer-webm: 4f35f7cbe854078d1ac9338744f61a02 -> 
  custom:container-demuxer-ogg: 62fdf1f143b41e24485cea50d1cbac27 -> 
  custom:video-encoder-webm-vp8: eb34c28f22e8b96e1ab97ce403110664 -> 
  custom:video-decoder-webm-vp8: 9c59270c3fd7afecdb556c50c9e8de78 -> 
  custom:audio-decoder-ogg-vorbis: bf7c407c2cedff20999df2af8eb42d56 -> 
  custom:audio-encoder-webm-vorbis: bf7c407c2cedff20999df2af8eb42d56 -> 
========================================================================
Received Import Request.
  path: Assets/Scenes/level1.unity
  artifactKey: Guid(6dd2966bdbceb6d4eae2fbb5019a2e0f) Importer(815301076,1909f56bfc062723c751e8b465ee728b)
Start importing Assets/Scenes/level1.unity using Guid(6dd2966bdbceb6d4eae2fbb5019a2e0f) Importer(815301076,1909f56bfc062723c751e8b465ee728b)  -> (artifact id: 'd8588b740c51b785e9c0b8207e65698f') in 0.039796 seconds 
  Import took 0.043263 seconds .

========================================================================
Received Import Request.
  Time since last request: 1.315095 seconds.
  path: Assets/Scenes/level0.unity
  artifactKey: Guid(6dd2966bdbceb6d4eae2fbb5019a2e0f) Importer(815301076,1909f56bfc062723c751e8b465ee728b)
Start importing Assets/Scenes/level0.unity using Guid(6dd2966bdbceb6d4eae2fbb5019a2e0f) Importer(815301076,1909f56bfc062723c751e8b465ee728b)  -> (artifact id: '0b43999d6648eba587e71cb51e5ba588') in 0.003186 seconds 
  Import took 0.006748 seconds .

========================================================================
Received Import Request.
  Time since last request: 37.724498 seconds.
  path: Assets/Scenes/Scenes
  artifactKey: Guid(9add371c6b19cea40b46d958139cce89) Importer(815301076,1909f56bfc062723c751e8b465ee728b)
Start importing Assets/Scenes/Scenes using Guid(9add371c6b19cea40b46d958139cce89) Importer(815301076,1909f56bfc062723c751e8b465ee728b)  -> (artifact id: '94a424ae8b56172fb756f7ce8639abb8') in 0.002372 seconds 
  Import took 0.006302 seconds .

========================================================================
Received Import Request.
  Time since last request: 0.757639 seconds.
  path: Assets/Scenes/Scenes/level1.unity
  artifactKey: Guid(f2a0072d5c238094699e7b1d53d21547) Importer(815301076,1909f56bfc062723c751e8b465ee728b)
Start importing Assets/Scenes/Scenes/level1.unity using Guid(f2a0072d5c238094699e7b1d53d21547) Importer(815301076,1909f56bfc062723c751e8b465ee728b)  -> (artifact id: '5a50116dc73a636d255ef7eef808b46b') in 0.003004 seconds 
  Import took 0.006499 seconds .

========================================================================
Received Import Request.
  Time since last request: 60.859260 seconds.
  path: Assets/Scenes/level1.unity
  artifactKey: Guid(f2a0072d5c238094699e7b1d53d21547) Importer(815301076,1909f56bfc062723c751e8b465ee728b)
Start importing Assets/Scenes/level1.unity using Guid(f2a0072d5c238094699e7b1d53d21547) Importer(815301076,1909f56bfc062723c751e8b465ee728b)  -> (artifact id: '251bd5b761151a6f76ed5a0afa351930') in 0.003453 seconds 
  Import took 0.007113 seconds .

========================================================================
Received Import Request.
  Time since last request: 22.033446 seconds.
  path: Assets/Prefab/UI/LevelUI.prefab
  artifactKey: Guid(c7c04ac26e6232c4c9ad7abec59862ab) Importer(815301076,1909f56bfc062723c751e8b465ee728b)
Start importing Assets/Prefab/UI/LevelUI.prefab using Guid(c7c04ac26e6232c4c9ad7abec59862ab) Importer(815301076,1909f56bfc062723c751e8b465ee728b)  -> (artifact id: '0ff8521c802a72640967fef3d7fa733b') in 0.083391 seconds 
  Import took 0.087287 seconds .

========================================================================
Received Import Request.
  Time since last request: 4.243772 seconds.
  path: Assets/Prefab/UI/LevelUI.prefab
  artifactKey: Guid(c7c04ac26e6232c4c9ad7abec59862ab) Importer(815301076,1909f56bfc062723c751e8b465ee728b)
Start importing Assets/Prefab/UI/LevelUI.prefab using Guid(c7c04ac26e6232c4c9ad7abec59862ab) Importer(815301076,1909f56bfc062723c751e8b465ee728b)  -> (artifact id: '5876310f734a0668819dacbae6492e92') in 0.029559 seconds 
  Import took 0.033246 seconds .

========================================================================
Received Import Request.
  Time since last request: 14.103851 seconds.
  path: Assets/Prefab/UI/ColorBar.png
  artifactKey: Guid(eb237b9e4d055604e8a5b59f0b4cb577) Importer(815301076,1909f56bfc062723c751e8b465ee728b)
Start importing Assets/Prefab/UI/ColorBar.png using Guid(eb237b9e4d055604e8a5b59f0b4cb577) Importer(815301076,1909f56bfc062723c751e8b465ee728b)  -> (artifact id: 'b8ff1053e71c9a4ff3e3f163ada1747a') in 0.059283 seconds 
  Import took 0.063273 seconds .

========================================================================
Received Import Request.
  Time since last request: 3.929540 seconds.
  path: Assets/Prefab/UI/LevelUI.prefab
  artifactKey: Guid(c7c04ac26e6232c4c9ad7abec59862ab) Importer(815301076,1909f56bfc062723c751e8b465ee728b)
Start importing Assets/Prefab/UI/LevelUI.prefab using Guid(c7c04ac26e6232c4c9ad7abec59862ab) Importer(815301076,1909f56bfc062723c751e8b465ee728b)  -> (artifact id: '7defa09d056fe0edbe3956da25b6473a') in 0.047165 seconds 
  Import took 0.052951 seconds .

========================================================================
Received Import Request.
  Time since last request: 9.759351 seconds.
  path: Assets/Prefab/UI/LevelUI.prefab
  artifactKey: Guid(c7c04ac26e6232c4c9ad7abec59862ab) Importer(815301076,1909f56bfc062723c751e8b465ee728b)
Start importing Assets/Prefab/UI/LevelUI.prefab using Guid(c7c04ac26e6232c4c9ad7abec59862ab) Importer(815301076,1909f56bfc062723c751e8b465ee728b)  -> (artifact id: 'ce8a10829d9af9a50b9759ba1235910a') in 0.025954 seconds 
  Import took 0.031639 seconds .

========================================================================
Received Import Request.
  Time since last request: 7.283087 seconds.
  path: Assets/Prefab/UI/LevelUI.prefab
  artifactKey: Guid(c7c04ac26e6232c4c9ad7abec59862ab) Importer(815301076,1909f56bfc062723c751e8b465ee728b)
Start importing Assets/Prefab/UI/LevelUI.prefab using Guid(c7c04ac26e6232c4c9ad7abec59862ab) Importer(815301076,1909f56bfc062723c751e8b465ee728b)  -> (artifact id: 'b2c08bd8bf8c1539750c7d7434726509') in 0.026100 seconds 
  Import took 0.030208 seconds .

========================================================================
Received Import Request.
  Time since last request: 2.867780 seconds.
  path: Assets/Prefab/UI/LevelUI.prefab
  artifactKey: Guid(c7c04ac26e6232c4c9ad7abec59862ab) Importer(815301076,1909f56bfc062723c751e8b465ee728b)
Start importing Assets/Prefab/UI/LevelUI.prefab using Guid(c7c04ac26e6232c4c9ad7abec59862ab) Importer(815301076,1909f56bfc062723c751e8b465ee728b)  -> (artifact id: '00e121953c42b8815cc296d6188bb53d') in 0.027467 seconds 
  Import took 0.031253 seconds .

========================================================================
Received Import Request.
  Time since last request: 2.516723 seconds.
  path: Assets/Prefab/UI/LevelUI.prefab
  artifactKey: Guid(c7c04ac26e6232c4c9ad7abec59862ab) Importer(815301076,1909f56bfc062723c751e8b465ee728b)
Start importing Assets/Prefab/UI/LevelUI.prefab using Guid(c7c04ac26e6232c4c9ad7abec59862ab) Importer(815301076,1909f56bfc062723c751e8b465ee728b)  -> (artifact id: '4692c156cde82dc106bfefaaa22373c4') in 0.023976 seconds 
  Import took 0.028336 seconds .

========================================================================
Received Import Request.
  Time since last request: 1.532715 seconds.
  path: Assets/Prefab/UI/LevelUI.prefab
  artifactKey: Guid(c7c04ac26e6232c4c9ad7abec59862ab) Importer(815301076,1909f56bfc062723c751e8b465ee728b)
Start importing Assets/Prefab/UI/LevelUI.prefab using Guid(c7c04ac26e6232c4c9ad7abec59862ab) Importer(815301076,1909f56bfc062723c751e8b465ee728b)  -> (artifact id: 'bad3b8b51466c65b09405e18f984f15d') in 0.025195 seconds 
  Import took 0.030517 seconds .

========================================================================
Received Import Request.
  Time since last request: 6.262781 seconds.
  path: Assets/Prefab/UI/LevelUI.prefab
  artifactKey: Guid(c7c04ac26e6232c4c9ad7abec59862ab) Importer(815301076,1909f56bfc062723c751e8b465ee728b)
Start importing Assets/Prefab/UI/LevelUI.prefab using Guid(c7c04ac26e6232c4c9ad7abec59862ab) Importer(815301076,1909f56bfc062723c751e8b465ee728b)  -> (artifact id: 'd6f8cacf9a5078c63c68ddcf0dd6f2ee') in 0.024127 seconds 
  Import took 0.027740 seconds .

========================================================================
Received Import Request.
  Time since last request: 1.995281 seconds.
  path: Assets/Prefab/UI/LevelUI.prefab
  artifactKey: Guid(c7c04ac26e6232c4c9ad7abec59862ab) Importer(815301076,1909f56bfc062723c751e8b465ee728b)
Start importing Assets/Prefab/UI/LevelUI.prefab using Guid(c7c04ac26e6232c4c9ad7abec59862ab) Importer(815301076,1909f56bfc062723c751e8b465ee728b)  -> (artifact id: '4aba405ea58119d2a76893c8455e94d9') in 0.026790 seconds 
  Import took 0.030935 seconds .

========================================================================
Received Import Request.
  Time since last request: 32.061027 seconds.
  path: Assets/Prefab/UI/LevelUI.prefab
  artifactKey: Guid(c7c04ac26e6232c4c9ad7abec59862ab) Importer(815301076,1909f56bfc062723c751e8b465ee728b)
Start importing Assets/Prefab/UI/LevelUI.prefab using Guid(c7c04ac26e6232c4c9ad7abec59862ab) Importer(815301076,1909f56bfc062723c751e8b465ee728b)  -> (artifact id: 'ea959de10468903eaed1894e2e6ec454') in 0.024161 seconds 
  Import took 0.028042 seconds .

========================================================================
Received Import Request.
  Time since last request: 9.816343 seconds.
  path: Assets/Prefab/UI/LevelUI.prefab
  artifactKey: Guid(c7c04ac26e6232c4c9ad7abec59862ab) Importer(815301076,1909f56bfc062723c751e8b465ee728b)
Start importing Assets/Prefab/UI/LevelUI.prefab using Guid(c7c04ac26e6232c4c9ad7abec59862ab) Importer(815301076,1909f56bfc062723c751e8b465ee728b)  -> (artifact id: 'c55d194bf594f731a9e42e2a5e217243') in 0.026681 seconds 
  Import took 0.030026 seconds .

========================================================================
Received Import Request.
  Time since last request: 3.218684 seconds.
  path: Assets/Prefab/UI/LevelUI.prefab
  artifactKey: Guid(c7c04ac26e6232c4c9ad7abec59862ab) Importer(815301076,1909f56bfc062723c751e8b465ee728b)
Start importing Assets/Prefab/UI/LevelUI.prefab using Guid(c7c04ac26e6232c4c9ad7abec59862ab) Importer(815301076,1909f56bfc062723c751e8b465ee728b)  -> (artifact id: 'eb6986acf70604140ed36d4cf03d0f75') in 0.025452 seconds 
  Import took 0.029062 seconds .

========================================================================
Received Import Request.
  Time since last request: 3.389588 seconds.
  path: Assets/Prefab/UI/LevelUI.prefab
  artifactKey: Guid(c7c04ac26e6232c4c9ad7abec59862ab) Importer(815301076,1909f56bfc062723c751e8b465ee728b)
Start importing Assets/Prefab/UI/LevelUI.prefab using Guid(c7c04ac26e6232c4c9ad7abec59862ab) Importer(815301076,1909f56bfc062723c751e8b465ee728b)  -> (artifact id: '884fd925a62638614b754c372982858a') in 0.029963 seconds 
  Import took 0.033726 seconds .

========================================================================
Received Import Request.
  Time since last request: 1.684038 seconds.
  path: Assets/Prefab/UI/LevelUI.prefab
  artifactKey: Guid(c7c04ac26e6232c4c9ad7abec59862ab) Importer(815301076,1909f56bfc062723c751e8b465ee728b)
Start importing Assets/Prefab/UI/LevelUI.prefab using Guid(c7c04ac26e6232c4c9ad7abec59862ab) Importer(815301076,1909f56bfc062723c751e8b465ee728b)  -> (artifact id: '97fe7134487d128dd4d300aabd4b9c90') in 0.025306 seconds 
  Import took 0.030038 seconds .

========================================================================
Received Import Request.
  Time since last request: 1.790115 seconds.
  path: Assets/Prefab/UI/LevelUI.prefab
  artifactKey: Guid(c7c04ac26e6232c4c9ad7abec59862ab) Importer(815301076,1909f56bfc062723c751e8b465ee728b)
Start importing Assets/Prefab/UI/LevelUI.prefab using Guid(c7c04ac26e6232c4c9ad7abec59862ab) Importer(815301076,1909f56bfc062723c751e8b465ee728b)  -> (artifact id: 'da22888667ca262a52da68267c906c67') in 0.023690 seconds 
  Import took 0.027603 seconds .

========================================================================
Received Import Request.
  Time since last request: 2.936013 seconds.
  path: Assets/Prefab/UI/LevelUI.prefab
  artifactKey: Guid(c7c04ac26e6232c4c9ad7abec59862ab) Importer(815301076,1909f56bfc062723c751e8b465ee728b)
Start importing Assets/Prefab/UI/LevelUI.prefab using Guid(c7c04ac26e6232c4c9ad7abec59862ab) Importer(815301076,1909f56bfc062723c751e8b465ee728b)  -> (artifact id: '4165f226a139b6039f1046b68cbec692') in 0.023069 seconds 
  Import took 0.026932 seconds .

========================================================================
Received Import Request.
  Time since last request: 0.676768 seconds.
  path: Assets/Prefab/UI/LevelUI.prefab
  artifactKey: Guid(c7c04ac26e6232c4c9ad7abec59862ab) Importer(815301076,1909f56bfc062723c751e8b465ee728b)
Start importing Assets/Prefab/UI/LevelUI.prefab using Guid(c7c04ac26e6232c4c9ad7abec59862ab) Importer(815301076,1909f56bfc062723c751e8b465ee728b)  -> (artifact id: 'c30318581472f79791709030f477bcf3') in 0.028161 seconds 
  Import took 0.032435 seconds .

========================================================================
Received Import Request.
  Time since last request: 0.694830 seconds.
  path: Assets/Prefab/UI/LevelUI.prefab
  artifactKey: Guid(c7c04ac26e6232c4c9ad7abec59862ab) Importer(815301076,1909f56bfc062723c751e8b465ee728b)
Start importing Assets/Prefab/UI/LevelUI.prefab using Guid(c7c04ac26e6232c4c9ad7abec59862ab) Importer(815301076,1909f56bfc062723c751e8b465ee728b)  -> (artifact id: 'eb6d543a431ff530d2ae8f0390de3acf') in 0.028860 seconds 
  Import took 0.032798 seconds .

========================================================================
Received Import Request.
  Time since last request: 0.584242 seconds.
  path: Assets/Prefab/UI/LevelUI.prefab
  artifactKey: Guid(c7c04ac26e6232c4c9ad7abec59862ab) Importer(815301076,1909f56bfc062723c751e8b465ee728b)
Start importing Assets/Prefab/UI/LevelUI.prefab using Guid(c7c04ac26e6232c4c9ad7abec59862ab) Importer(815301076,1909f56bfc062723c751e8b465ee728b)  -> (artifact id: 'db5e85d67b6e11157dced34d7794f71b') in 0.023694 seconds 
  Import took 0.027230 seconds .

========================================================================
Received Import Request.
  Time since last request: 1.094537 seconds.
  path: Assets/Prefab/UI/LevelUI.prefab
  artifactKey: Guid(c7c04ac26e6232c4c9ad7abec59862ab) Importer(815301076,1909f56bfc062723c751e8b465ee728b)
Start importing Assets/Prefab/UI/LevelUI.prefab using Guid(c7c04ac26e6232c4c9ad7abec59862ab) Importer(815301076,1909f56bfc062723c751e8b465ee728b)  -> (artifact id: '3be1ac9cde42b51e9383afb6a8ae72c0') in 0.026249 seconds 
  Import took 0.030279 seconds .

========================================================================
Received Import Request.
  Time since last request: 9.234963 seconds.
  path: Assets/Prefab/UI/LevelUI.prefab
  artifactKey: Guid(c7c04ac26e6232c4c9ad7abec59862ab) Importer(815301076,1909f56bfc062723c751e8b465ee728b)
Start importing Assets/Prefab/UI/LevelUI.prefab using Guid(c7c04ac26e6232c4c9ad7abec59862ab) Importer(815301076,1909f56bfc062723c751e8b465ee728b)  -> (artifact id: '630693b647ecfd5d00afd7866bf7b373') in 0.025493 seconds 
  Import took 0.031853 seconds .

========================================================================
Received Import Request.
  Time since last request: 5.456967 seconds.
  path: Assets/Prefab/UI/LevelUI.prefab
  artifactKey: Guid(c7c04ac26e6232c4c9ad7abec59862ab) Importer(815301076,1909f56bfc062723c751e8b465ee728b)
Start importing Assets/Prefab/UI/LevelUI.prefab using Guid(c7c04ac26e6232c4c9ad7abec59862ab) Importer(815301076,1909f56bfc062723c751e8b465ee728b)  -> (artifact id: '36e022c09f522fa3c7fa99cb355ef95f') in 0.026057 seconds 
  Import took 0.030642 seconds .

========================================================================
Received Import Request.
  Time since last request: 4.458869 seconds.
  path: Assets/Prefab/UI/LevelUI.prefab
  artifactKey: Guid(c7c04ac26e6232c4c9ad7abec59862ab) Importer(815301076,1909f56bfc062723c751e8b465ee728b)
Start importing Assets/Prefab/UI/LevelUI.prefab using Guid(c7c04ac26e6232c4c9ad7abec59862ab) Importer(815301076,1909f56bfc062723c751e8b465ee728b)  -> (artifact id: '1ded13c4ebb434167e7cd6533f6fbde7') in 0.025812 seconds 
  Import took 0.029926 seconds .

========================================================================
Received Import Request.
  Time since last request: 5.203859 seconds.
  path: Assets/Prefab/UI/LevelUI.prefab
  artifactKey: Guid(c7c04ac26e6232c4c9ad7abec59862ab) Importer(815301076,1909f56bfc062723c751e8b465ee728b)
Start importing Assets/Prefab/UI/LevelUI.prefab using Guid(c7c04ac26e6232c4c9ad7abec59862ab) Importer(815301076,1909f56bfc062723c751e8b465ee728b)  -> (artifact id: '7e2c82e4695f2aaeb5237080fe1a1015') in 0.024017 seconds 
  Import took 0.028020 seconds .

========================================================================
Received Import Request.
  Time since last request: 5.126692 seconds.
  path: Assets/Prefab/UI/LevelUI.prefab
  artifactKey: Guid(c7c04ac26e6232c4c9ad7abec59862ab) Importer(815301076,1909f56bfc062723c751e8b465ee728b)
Start importing Assets/Prefab/UI/LevelUI.prefab using Guid(c7c04ac26e6232c4c9ad7abec59862ab) Importer(815301076,1909f56bfc062723c751e8b465ee728b)  -> (artifact id: 'aaf287ecc3d3fdb574a4daed0d4ec0bf') in 0.024769 seconds 
  Import took 0.028407 seconds .

========================================================================
Received Import Request.
  Time since last request: 3.872357 seconds.
  path: Assets/Prefab/UI/LevelUI.prefab
  artifactKey: Guid(c7c04ac26e6232c4c9ad7abec59862ab) Importer(815301076,1909f56bfc062723c751e8b465ee728b)
Start importing Assets/Prefab/UI/LevelUI.prefab using Guid(c7c04ac26e6232c4c9ad7abec59862ab) Importer(815301076,1909f56bfc062723c751e8b465ee728b)  -> (artifact id: 'e2ec08a5484fa42cdd04df7123b764fc') in 0.022468 seconds 
  Import took 0.026076 seconds .

========================================================================
Received Import Request.
  Time since last request: 1.691324 seconds.
  path: Assets/Prefab/UI/LevelUI.prefab
  artifactKey: Guid(c7c04ac26e6232c4c9ad7abec59862ab) Importer(815301076,1909f56bfc062723c751e8b465ee728b)
Start importing Assets/Prefab/UI/LevelUI.prefab using Guid(c7c04ac26e6232c4c9ad7abec59862ab) Importer(815301076,1909f56bfc062723c751e8b465ee728b)  -> (artifact id: '31cd380809a5cefa70203fab47f231cf') in 0.025021 seconds 
  Import took 0.029143 seconds .

========================================================================
Received Import Request.
  Time since last request: 2.076327 seconds.
  path: Assets/Prefab/UI/LevelUI.prefab
  artifactKey: Guid(c7c04ac26e6232c4c9ad7abec59862ab) Importer(815301076,1909f56bfc062723c751e8b465ee728b)
Start importing Assets/Prefab/UI/LevelUI.prefab using Guid(c7c04ac26e6232c4c9ad7abec59862ab) Importer(815301076,1909f56bfc062723c751e8b465ee728b)  -> (artifact id: '5ae98a2e47ecafeb78e771c323acf603') in 0.027333 seconds 
  Import took 0.031691 seconds .

========================================================================
Received Import Request.
  Time since last request: 3.968925 seconds.
  path: Assets/Prefab/UI/LevelUI.prefab
  artifactKey: Guid(c7c04ac26e6232c4c9ad7abec59862ab) Importer(815301076,1909f56bfc062723c751e8b465ee728b)
Start importing Assets/Prefab/UI/LevelUI.prefab using Guid(c7c04ac26e6232c4c9ad7abec59862ab) Importer(815301076,1909f56bfc062723c751e8b465ee728b)  -> (artifact id: '0fd151a7a2215385ed9ef12a3d631651') in 0.025208 seconds 
  Import took 0.029920 seconds .

========================================================================
Received Import Request.
  Time since last request: 3.604815 seconds.
  path: Assets/Prefab/UI/LevelUI.prefab
  artifactKey: Guid(c7c04ac26e6232c4c9ad7abec59862ab) Importer(815301076,1909f56bfc062723c751e8b465ee728b)
Start importing Assets/Prefab/UI/LevelUI.prefab using Guid(c7c04ac26e6232c4c9ad7abec59862ab) Importer(815301076,1909f56bfc062723c751e8b465ee728b)  -> (artifact id: 'f4012a90476b98a91d4b7058aa9347a1') in 0.029160 seconds 
  Import took 0.033137 seconds .

========================================================================
Received Import Request.
  Time since last request: 2.193038 seconds.
  path: Assets/Prefab/UI/LevelUI.prefab
  artifactKey: Guid(c7c04ac26e6232c4c9ad7abec59862ab) Importer(815301076,1909f56bfc062723c751e8b465ee728b)
Start importing Assets/Prefab/UI/LevelUI.prefab using Guid(c7c04ac26e6232c4c9ad7abec59862ab) Importer(815301076,1909f56bfc062723c751e8b465ee728b)  -> (artifact id: '670e6477597cb4f40e10f785a09f8bed') in 0.027585 seconds 
  Import took 0.031147 seconds .

========================================================================
Received Import Request.
  Time since last request: 0.974388 seconds.
  path: Assets/Prefab/UI/LevelUI.prefab
  artifactKey: Guid(c7c04ac26e6232c4c9ad7abec59862ab) Importer(815301076,1909f56bfc062723c751e8b465ee728b)
Start importing Assets/Prefab/UI/LevelUI.prefab using Guid(c7c04ac26e6232c4c9ad7abec59862ab) Importer(815301076,1909f56bfc062723c751e8b465ee728b)  -> (artifact id: '01d43fc5fe02b951fef34fff47556367') in 0.023845 seconds 
  Import took 0.027345 seconds .

========================================================================
Received Import Request.
  Time since last request: 1.982805 seconds.
  path: Assets/Prefab/UI/LevelUI.prefab
  artifactKey: Guid(c7c04ac26e6232c4c9ad7abec59862ab) Importer(815301076,1909f56bfc062723c751e8b465ee728b)
Start importing Assets/Prefab/UI/LevelUI.prefab using Guid(c7c04ac26e6232c4c9ad7abec59862ab) Importer(815301076,1909f56bfc062723c751e8b465ee728b)  -> (artifact id: 'd8edf21d0a69fcae276ef0625969e378') in 0.030295 seconds 
  Import took 0.035819 seconds .

========================================================================
Received Import Request.
  Time since last request: 5.017184 seconds.
  path: Assets/Prefab/UI/LevelUI.prefab
  artifactKey: Guid(c7c04ac26e6232c4c9ad7abec59862ab) Importer(815301076,1909f56bfc062723c751e8b465ee728b)
Start importing Assets/Prefab/UI/LevelUI.prefab using Guid(c7c04ac26e6232c4c9ad7abec59862ab) Importer(815301076,1909f56bfc062723c751e8b465ee728b)  -> (artifact id: '11da7fe62ae5bbf419ef7a1aa72c49fa') in 0.029161 seconds 
  Import took 0.034054 seconds .

========================================================================
Received Import Request.
  Time since last request: 1.590774 seconds.
  path: Assets/Prefab/UI/LevelUI.prefab
  artifactKey: Guid(c7c04ac26e6232c4c9ad7abec59862ab) Importer(815301076,1909f56bfc062723c751e8b465ee728b)
Start importing Assets/Prefab/UI/LevelUI.prefab using Guid(c7c04ac26e6232c4c9ad7abec59862ab) Importer(815301076,1909f56bfc062723c751e8b465ee728b)  -> (artifact id: '022ca4de92d9c8cc3c2b2316588388c3') in 0.025954 seconds 
  Import took 0.029778 seconds .

========================================================================
Received Import Request.
  Time since last request: 2.387150 seconds.
  path: Assets/Prefab/UI/LevelUI.prefab
  artifactKey: Guid(c7c04ac26e6232c4c9ad7abec59862ab) Importer(815301076,1909f56bfc062723c751e8b465ee728b)
Start importing Assets/Prefab/UI/LevelUI.prefab using Guid(c7c04ac26e6232c4c9ad7abec59862ab) Importer(815301076,1909f56bfc062723c751e8b465ee728b)  -> (artifact id: 'af2ac1cbf9e125a399b5caa74b08d2b8') in 0.024839 seconds 
  Import took 0.028728 seconds .

========================================================================
Received Import Request.
  Time since last request: 2.788313 seconds.
  path: Assets/Prefab/UI/LevelUI.prefab
  artifactKey: Guid(c7c04ac26e6232c4c9ad7abec59862ab) Importer(815301076,1909f56bfc062723c751e8b465ee728b)
Start importing Assets/Prefab/UI/LevelUI.prefab using Guid(c7c04ac26e6232c4c9ad7abec59862ab) Importer(815301076,1909f56bfc062723c751e8b465ee728b)  -> (artifact id: 'd5e67e3e2f2db859a56cae084bab372a') in 0.025011 seconds 
  Import took 0.028459 seconds .

========================================================================
Received Import Request.
  Time since last request: 1.390877 seconds.
  path: Assets/Prefab/UI/LevelUI.prefab
  artifactKey: Guid(c7c04ac26e6232c4c9ad7abec59862ab) Importer(815301076,1909f56bfc062723c751e8b465ee728b)
Start importing Assets/Prefab/UI/LevelUI.prefab using Guid(c7c04ac26e6232c4c9ad7abec59862ab) Importer(815301076,1909f56bfc062723c751e8b465ee728b)  -> (artifact id: '498e9e4d40a97454cf7b43f3c1a60dad') in 0.028331 seconds 
  Import took 0.031912 seconds .

========================================================================
Received Import Request.
  Time since last request: 1.380914 seconds.
  path: Assets/Prefab/UI/LevelUI.prefab
  artifactKey: Guid(c7c04ac26e6232c4c9ad7abec59862ab) Importer(815301076,1909f56bfc062723c751e8b465ee728b)
Start importing Assets/Prefab/UI/LevelUI.prefab using Guid(c7c04ac26e6232c4c9ad7abec59862ab) Importer(815301076,1909f56bfc062723c751e8b465ee728b)  -> (artifact id: '27dcc8eb8eca0d954cb6dffde73cd94a') in 0.025759 seconds 
  Import took 0.030311 seconds .

========================================================================
Received Import Request.
  Time since last request: 1.973847 seconds.
  path: Assets/Prefab/UI/LevelUI.prefab
  artifactKey: Guid(c7c04ac26e6232c4c9ad7abec59862ab) Importer(815301076,1909f56bfc062723c751e8b465ee728b)
Start importing Assets/Prefab/UI/LevelUI.prefab using Guid(c7c04ac26e6232c4c9ad7abec59862ab) Importer(815301076,1909f56bfc062723c751e8b465ee728b)  -> (artifact id: 'e35723e29d29d135c867ab2245831f2e') in 0.027185 seconds 
  Import took 0.030974 seconds .

========================================================================
Received Import Request.
  Time since last request: 1.589356 seconds.
  path: Assets/Prefab/UI/LevelUI.prefab
  artifactKey: Guid(c7c04ac26e6232c4c9ad7abec59862ab) Importer(815301076,1909f56bfc062723c751e8b465ee728b)
Start importing Assets/Prefab/UI/LevelUI.prefab using Guid(c7c04ac26e6232c4c9ad7abec59862ab) Importer(815301076,1909f56bfc062723c751e8b465ee728b)  -> (artifact id: '44345d63dfd520b90c05082c21aaa0f7') in 0.024038 seconds 
  Import took 0.029091 seconds .

========================================================================
Received Import Request.
  Time since last request: 6.451295 seconds.
  path: Assets/Prefab/UI/LevelUI.prefab
  artifactKey: Guid(c7c04ac26e6232c4c9ad7abec59862ab) Importer(815301076,1909f56bfc062723c751e8b465ee728b)
Start importing Assets/Prefab/UI/LevelUI.prefab using Guid(c7c04ac26e6232c4c9ad7abec59862ab) Importer(815301076,1909f56bfc062723c751e8b465ee728b)  -> (artifact id: 'f340a713509ad4f548f1beec54206250') in 0.025745 seconds 
  Import took 0.029929 seconds .

========================================================================
Received Import Request.
  Time since last request: 2.843665 seconds.
  path: Assets/Prefab/UI/LevelUI.prefab
  artifactKey: Guid(c7c04ac26e6232c4c9ad7abec59862ab) Importer(815301076,1909f56bfc062723c751e8b465ee728b)
Start importing Assets/Prefab/UI/LevelUI.prefab using Guid(c7c04ac26e6232c4c9ad7abec59862ab) Importer(815301076,1909f56bfc062723c751e8b465ee728b)  -> (artifact id: 'd1aabb6f066c90746c58016d580e3363') in 0.026586 seconds 
  Import took 0.031024 seconds .

========================================================================
Received Import Request.
  Time since last request: 0.576811 seconds.
  path: Assets/Prefab/UI/LevelUI.prefab
  artifactKey: Guid(c7c04ac26e6232c4c9ad7abec59862ab) Importer(815301076,1909f56bfc062723c751e8b465ee728b)
Start importing Assets/Prefab/UI/LevelUI.prefab using Guid(c7c04ac26e6232c4c9ad7abec59862ab) Importer(815301076,1909f56bfc062723c751e8b465ee728b)  -> (artifact id: 'af41d1fd96f9272644b85d31d3bbd6ea') in 0.024954 seconds 
  Import took 0.028396 seconds .

========================================================================
Received Import Request.
  Time since last request: 2.032197 seconds.
  path: Assets/Prefab/UI/LevelUI.prefab
  artifactKey: Guid(c7c04ac26e6232c4c9ad7abec59862ab) Importer(815301076,1909f56bfc062723c751e8b465ee728b)
Start importing Assets/Prefab/UI/LevelUI.prefab using Guid(c7c04ac26e6232c4c9ad7abec59862ab) Importer(815301076,1909f56bfc062723c751e8b465ee728b)  -> (artifact id: 'db5df87197a52f2243eb1ff6783be750') in 0.024843 seconds 
  Import took 0.029955 seconds .

========================================================================
Received Import Request.
  Time since last request: 3.188401 seconds.
  path: Assets/Prefab/UI/LevelUI.prefab
  artifactKey: Guid(c7c04ac26e6232c4c9ad7abec59862ab) Importer(815301076,1909f56bfc062723c751e8b465ee728b)
Start importing Assets/Prefab/UI/LevelUI.prefab using Guid(c7c04ac26e6232c4c9ad7abec59862ab) Importer(815301076,1909f56bfc062723c751e8b465ee728b)  -> (artifact id: '1398c054ecd87fd21e400281e5bf926c') in 0.023581 seconds 
  Import took 0.028299 seconds .

========================================================================
Received Import Request.
  Time since last request: 2.605520 seconds.
  path: Assets/Prefab/UI/LevelUI.prefab
  artifactKey: Guid(c7c04ac26e6232c4c9ad7abec59862ab) Importer(815301076,1909f56bfc062723c751e8b465ee728b)
Start importing Assets/Prefab/UI/LevelUI.prefab using Guid(c7c04ac26e6232c4c9ad7abec59862ab) Importer(815301076,1909f56bfc062723c751e8b465ee728b)  -> (artifact id: '38a801b7d0dc99ee5440b4ab85f2c8d2') in 0.028253 seconds 
  Import took 0.032038 seconds .

========================================================================
Received Import Request.
  Time since last request: 6.425681 seconds.
  path: Assets/Prefab/UI/LevelUI.prefab
  artifactKey: Guid(c7c04ac26e6232c4c9ad7abec59862ab) Importer(815301076,1909f56bfc062723c751e8b465ee728b)
Start importing Assets/Prefab/UI/LevelUI.prefab using Guid(c7c04ac26e6232c4c9ad7abec59862ab) Importer(815301076,1909f56bfc062723c751e8b465ee728b)  -> (artifact id: '39f61d8049e7fddaea2000edfd018d64') in 0.023879 seconds 
  Import took 0.027703 seconds .

========================================================================
Received Import Request.
  Time since last request: 8.680341 seconds.
  path: Assets/Scenes/level1.unity
  artifactKey: Guid(f2a0072d5c238094699e7b1d53d21547) Importer(815301076,1909f56bfc062723c751e8b465ee728b)
Start importing Assets/Scenes/level1.unity using Guid(f2a0072d5c238094699e7b1d53d21547) Importer(815301076,1909f56bfc062723c751e8b465ee728b)  -> (artifact id: 'a75f7c888708d08d09e68c1c80643160') in 0.002979 seconds 
  Import took 0.007081 seconds .

========================================================================
Received Prepare
Registering precompiled user dll's ...
Registered in 0.004172 seconds.
Begin MonoManager ReloadAssembly
Native extension for WindowsStandalone target not found
Refreshing native plugins compatible for Editor in 0.47 ms, found 3 plugins.
Preloading 0 native plugins for Editor in 0.00 ms.
Mono: successfully reloaded assembly
- Completed reload, in  0.950 seconds
Domain Reload Profiling:
	ReloadAssembly (950ms)
		BeginReloadAssembly (122ms)
			ExecutionOrderSort (0ms)
			DisableScriptedObjects (7ms)
			BackupInstance (0ms)
			ReleaseScriptingObjects (0ms)
			CreateAndSetChildDomain (35ms)
		EndReloadAssembly (770ms)
			LoadAssemblies (86ms)
			RebuildTransferFunctionScriptingTraits (0ms)
			SetupTypeCache (262ms)
			ReleaseScriptCaches (1ms)
			RebuildScriptCaches (42ms)
			SetupLoadedEditorAssemblies (283ms)
				LogAssemblyErrors (0ms)
				InitializePlatformSupportModulesInManaged (4ms)
				SetLoadedEditorAssemblies (0ms)
				RefreshPlugins (1ms)
				BeforeProcessingInitializeOnLoad (82ms)
				ProcessInitializeOnLoadAttributes (178ms)
				ProcessInitializeOnLoadMethodAttributes (11ms)
				AfterProcessingInitializeOnLoad (7ms)
				EditorAssembliesLoaded (0ms)
			ExecutionOrderSort2 (0ms)
			AwakeInstancesAfterBackupRestoration (8ms)
Platform modules already initialized, skipping
Refreshing native plugins compatible for Editor in 0.56 ms, found 3 plugins.
Preloading 0 native plugins for Editor in 0.00 ms.
Unloading 2207 Unused Serialized files (Serialized files now loaded: 0)
System memory in use before: 102.5 MB.
System memory in use after: 102.6 MB.

Unloading 19 unused Assets to reduce memory usage. Loaded Objects now: 2681.
Total: 3.502300 ms (FindLiveObjects: 0.235900 ms CreateObjectMapping: 0.082600 ms MarkObjects: 3.152400 ms  DeleteObjects: 0.030300 ms)

AssetImportParameters requested are different than current active one (requested -> active):
  custom:framework-win-MediaFoundation: 216162199b28c13a410421893ffa2e32 -> 
  custom:video-decoder-ogg-theora: a1e56fd34408186e4bbccfd4996cb3dc -> 
  custom:container-muxer-webm: aa71ff27fc2769a1b78a27578f13a17b -> 
  custom:container-demuxer-webm: 4f35f7cbe854078d1ac9338744f61a02 -> 
  custom:container-demuxer-ogg: 62fdf1f143b41e24485cea50d1cbac27 -> 
  custom:video-encoder-webm-vp8: eb34c28f22e8b96e1ab97ce403110664 -> 
  custom:video-decoder-webm-vp8: 9c59270c3fd7afecdb556c50c9e8de78 -> 
  custom:audio-decoder-ogg-vorbis: bf7c407c2cedff20999df2af8eb42d56 -> 
  custom:audio-encoder-webm-vorbis: bf7c407c2cedff20999df2af8eb42d56 -> 
AssetImportWorkerClient::OnTransportError - code=2 error=End of file
